<?xml version="1.0" encoding="UTF-8"?>
<!-- Generated by org.testng.reporters.JUnitReportReporter -->
<testsuite hostname="DESKTOP-AELALK6" failures="0" tests="1" name="TestNG3.ParametersExample" time="0.019" errors="0" timestamp="2023-02-26T21:33:12 IST" skipped="0">
  <testcase classname="TestNG3.ParametersExample" name="Sum" time="0.019"/>
  <system-out/>
</testsuite> <!-- TestNG3.ParametersExample -->
