<?xml version="1.0" encoding="UTF-8"?>
<!-- Generated by org.testng.reporters.JUnitReportReporter -->
<testsuite hostname="DESKTOP-AELALK6" failures="0" tests="3" name="TestNG1.SampleTestNG25Feb" time="0.019" errors="0" timestamp="2023-02-26T21:14:52 IST" skipped="0">
  <testcase classname="TestNG1.SampleTestNG25Feb" name="Test2" time="0.013"/>
  <system-out/>
  <testcase classname="TestNG1.SampleTestNG25Feb" name="Test1" time="0.003"/>
  <system-out/>
  <testcase classname="TestNG1.SampleTestNG25Feb" name="Test3" time="0.003"/>
  <system-out/>
</testsuite> <!-- TestNG1.SampleTestNG25Feb -->
