<?xml version="1.0" encoding="UTF-8"?>
<!-- Generated by org.testng.reporters.JUnitReportReporter -->
<testsuite hostname="DESKTOP-AELALK6" failures="0" tests="3" name="TestNG1.SampleTestSamePkg" time="0.021" errors="0" timestamp="2023-02-26T21:14:52 IST" skipped="0">
  <testcase classname="TestNG1.SampleTestSamePkg" name="Test15" time="0.002"/>
  <system-out/>
  <testcase classname="TestNG1.SampleTestSamePkg" name="Test14" time="0.016"/>
  <system-out/>
  <testcase classname="TestNG1.SampleTestSamePkg" name="Test13" time="0.003"/>
  <system-out/>
</testsuite> <!-- TestNG1.SampleTestSamePkg -->
