<?xml version="1.0" encoding="UTF-8"?>
<!-- Generated by org.testng.reporters.JUnitReportReporter -->
<testsuite hostname="DESKTOP-AELALK6" failures="0" tests="3" name="TestNG3.dependsExample" time="0.040" errors="0" timestamp="2023-02-26T20:32:33 IST" skipped="0">
  <testcase classname="TestNG3.dependsExample" name="OpenBrowser" time="0.025"/>
  <system-out/>
  <testcase classname="TestNG3.dependsExample" name="SignIn" time="0.007"/>
  <system-out/>
  <testcase classname="TestNG3.dependsExample" name="Signout" time="0.008"/>
  <system-out/>
</testsuite> <!-- TestNG3.dependsExample -->
