<?xml version="1.0" encoding="UTF-8"?>
<!-- Generated by org.testng.reporters.JUnitReportReporter -->
<testsuite hostname="DESKTOP-AELALK6" failures="0" tests="1" name="SLTest" time="22.328" errors="0" timestamp="2023-03-04T15:02:38 IST" skipped="0">
  <testcase classname="SLTest" name="SLLoginTest" time="22.328"/>
  <system-out/>
</testsuite> <!-- SLTest -->
