<?xml version="1.0" encoding="UTF-8"?>
<!-- Generated by org.testng.reporters.JUnitReportReporter -->
<testsuite hostname="DESKTOP-AELALK6" failures="0" tests="1" name="TestNG3.AssertExample" time="0.035" errors="0" timestamp="2023-02-26T20:44:41 IST" skipped="0">
  <testcase classname="TestNG3.AssertExample" name="test" time="0.035"/>
  <system-out/>
</testsuite> <!-- TestNG3.AssertExample -->
