<?xml version="1.0" encoding="UTF-8"?>
<!-- Generated by org.testng.reporters.JUnitReportReporter -->
<testsuite hostname="DESKTOP-AELALK6" failures="0" tests="3" name="TestNG1.priorityExample" time="0.018" errors="0" timestamp="2023-02-25T22:54:46 IST" skipped="0">
  <testcase classname="TestNG1.priorityExample" name="Test2" time="0.005"/>
  <system-out/>
  <testcase classname="TestNG1.priorityExample" name="Test3" time="0.003"/>
  <system-out/>
  <testcase classname="TestNG1.priorityExample" name="Test1" time="0.010"/>
  <system-out/>
</testsuite> <!-- TestNG1.priorityExample -->
