<?xml version="1.0" encoding="UTF-8"?>
<!-- Generated by org.testng.reporters.JUnitReportReporter -->
<testsuite hostname="DESKTOP-AELALK6" failures="0" tests="2" name="TestNG1.SampleTest" time="0.014" errors="0" timestamp="2023-02-25T22:54:46 IST" skipped="0">
  <testcase classname="TestNG1.SampleTest" name="Testing" time="0.008"/>
  <system-out/>
  <testcase classname="TestNG1.SampleTest" name="Testing1" time="0.006"/>
  <system-out/>
</testsuite> <!-- TestNG1.SampleTest -->
