<?xml version="1.0" encoding="UTF-8"?>
<!-- Generated by org.testng.reporters.JUnitReportReporter -->
<testsuite hostname="DESKTOP-AELALK6" failures="0" tests="2" name="TestNG3.ParallelExample" time="23.242" errors="0" timestamp="2023-02-26T22:08:45 IST" skipped="0">
  <testcase classname="TestNG3.ParallelExample" name="add1" time="13.403"/>
  <system-out/>
  <testcase classname="TestNG3.ParallelExample" name="add2" time="9.839"/>
  <system-out/>
</testsuite> <!-- TestNG3.ParallelExample -->
