<?xml version="1.0" encoding="UTF-8"?>
<!-- Generated by org.testng.reporters.JUnitReportReporter -->
<testsuite hostname="DESKTOP-AELALK6" failures="0" tests="2" name="TestNG3.MultiBrowserExample" time="8.797" errors="0" timestamp="2023-02-26T21:51:51 IST" skipped="0">
  <testcase classname="TestNG3.MultiBrowserExample" name="launchLinkedin" time="3.962"/>
  <system-out/>
  <testcase classname="TestNG3.MultiBrowserExample" name="launchLinkedin" time="4.835"/>
  <system-out/>
</testsuite> <!-- TestNG3.MultiBrowserExample -->
