<?xml version="1.0" encoding="UTF-8"?>
<!-- Generated by org.testng.reporters.JUnitReportReporter -->
<testsuite hostname="DESKTOP-AELALK6" failures="0" tests="4" name="TestNG1.alwaysRunExample" time="0.035" errors="0" timestamp="2023-02-25T23:03:00 IST" skipped="0">
  <testcase classname="TestNG1.alwaysRunExample" name="Testing1" time="0.006"/>
  <system-out/>
  <testcase classname="TestNG1.alwaysRunExample" name="Testing" time="0.014"/>
  <system-out/>
  <testcase classname="TestNG1.alwaysRunExample" name="Testing" time="0.011"/>
  <system-out/>
  <testcase classname="TestNG1.alwaysRunExample" name="Testing1" time="0.004"/>
  <system-out/>
</testsuite> <!-- TestNG1.alwaysRunExample -->
