<?xml version="1.0" encoding="UTF-8"?>
<!-- Generated by org.testng.reporters.JUnitReportReporter -->
<testsuite hostname="DESKTOP-AELALK6" failures="0" tests="1" name="TestNG3.ReporterExample" time="20.359" errors="0" timestamp="2023-02-26T23:14:54 IST" skipped="0">
  <testcase classname="TestNG3.ReporterExample" name="OpenBrowser" time="20.359"/>
  <system-out>
    <![CDATA[Accessing the application
Entered User details]]>
  </system-out>
</testsuite> <!-- TestNG3.ReporterExample -->
