<?xml version="1.0" encoding="UTF-8"?>
<!-- Generated by org.testng.reporters.JUnitReportReporter -->
<testsuite hostname="DESKTOP-AELALK6" failures="0" tests="2" name="TestNG1.groupsExample" time="0.009" errors="0" timestamp="2023-02-26T21:14:52 IST" skipped="0">
  <testcase classname="TestNG1.groupsExample" name="Testing" time="0.004"/>
  <system-out/>
  <testcase classname="TestNG1.groupsExample" name="Testing1" time="0.005"/>
  <system-out/>
</testsuite> <!-- TestNG1.groupsExample -->
