<?xml version="1.0" encoding="UTF-8"?>
<!-- Generated by org.testng.reporters.JUnitReportReporter -->
<testsuite hostname="DESKTOP-AELALK6" failures="0" tests="3" name="TestNG3.dependsExample2" time="0.030" errors="0" timestamp="2023-02-26T20:34:27 IST" skipped="0">
  <testcase classname="TestNG3.dependsExample2" name="LogOut" time="0.004"/>
  <system-out/>
  <testcase classname="TestNG3.dependsExample2" name="OpenBrowser" time="0.024"/>
  <system-out/>
  <testcase classname="TestNG3.dependsExample2" name="SignIn" time="0.002"/>
  <system-out/>
</testsuite> <!-- TestNG3.dependsExample2 -->
