<?xml version="1.0" encoding="UTF-8"?>
<!-- Generated by org.testng.reporters.JUnitReportReporter -->
<testsuite hostname="DESKTOP-AELALK6" failures="0" tests="3" name="TestNG2.SampleTest1" time="0.014" errors="0" timestamp="2023-02-26T21:14:52 IST" skipped="0">
  <testcase classname="TestNG2.SampleTest1" name="Test11" time="0.003"/>
  <system-out/>
  <testcase classname="TestNG2.SampleTest1" name="Test12" time="0.003"/>
  <system-out/>
  <testcase classname="TestNG2.SampleTest1" name="Test13" time="0.008"/>
  <system-out/>
</testsuite> <!-- TestNG2.SampleTest1 -->
