<?xml version="1.0" encoding="UTF-8"?>
<!-- Generated by org.testng.reporters.JUnitReportReporter -->
<testsuite hostname="DESKTOP-AELALK6" failures="0" tests="2" name="TestNG3.dependsgroupExample" time="0.044" errors="0" timestamp="2023-02-26T21:19:25 IST" skipped="0">
  <testcase classname="TestNG3.dependsgroupExample" name="OpenBrowser" time="0.019"/>
  <system-out/>
  <testcase classname="TestNG3.dependsgroupExample" name="LogIn" time="0.025"/>
  <system-out/>
</testsuite> <!-- TestNG3.dependsgroupExample -->
