<?xml version="1.0" encoding="UTF-8"?>
<!-- Generated by org.testng.reporters.JUnitReportReporter -->
<testsuite hostname="DESKTOP-AELALK6" failures="0" tests="4" name="TestNG3.ThreadExample" time="98.157" errors="0" timestamp="2023-02-26T22:33:22 IST" skipped="0">
  <testcase classname="TestNG3.ThreadExample" name="ChromeTest" time="12.558"/>
  <system-out/>
  <testcase classname="TestNG3.ThreadExample" name="ChromeTest2" time="39.392"/>
  <system-out/>
  <testcase classname="TestNG3.ThreadExample" name="ChromeTest1" time="24.116"/>
  <system-out/>
  <testcase classname="TestNG3.ThreadExample" name="FirefoxTest" time="22.091"/>
  <system-out/>
</testsuite> <!-- TestNG3.ThreadExample -->
