<?xml version="1.0" encoding="UTF-8"?>
<!-- Generated by org.testng.reporters.JUnitReportReporter -->
<testsuite hostname="DESKTOP-AELALK6" failures="0" tests="2" name="TestNG1.enabledExample" time="0.023" errors="0" timestamp="2023-02-25T23:03:00 IST" skipped="0">
  <testcase classname="TestNG1.enabledExample" name="Testing" time="0.007"/>
  <system-out/>
  <testcase classname="TestNG1.enabledExample" name="Testing" time="0.016"/>
  <system-out/>
</testsuite> <!-- TestNG1.enabledExample -->
