<?xml version="1.0" encoding="UTF-8"?>
<!-- Generated by org.testng.reporters.JUnitReportReporter -->
<testsuite hostname="DESKTOP-AELALK6" failures="0" tests="2" name="TestNG3.ParameterExample2" time="0.081" errors="0" timestamp="2023-02-26T21:36:50 IST" skipped="0">
  <testcase classname="TestNG3.ParameterExample2" name="Diff" time="0.040"/>
  <system-out/>
  <testcase classname="TestNG3.ParameterExample2" name="Sum" time="0.041"/>
  <system-out/>
</testsuite> <!-- TestNG3.ParameterExample2 -->
